2025-08-08 10:48:02,715 - PERF       WORKER:0:0      Default Devito configuration:
2025-08-08 10:48:02,715 - PERF       WORKER:0:0      	 * autotuning=['aggressive', 'runtime']
2025-08-08 10:48:02,715 - PERF       WORKER:0:0      	 * develop-mode=False
2025-08-08 10:48:02,715 - PERF       WORKER:0:0      	 * mpi=False
2025-08-08 10:48:02,716 - PERF       WORKER:0:0      	 * log-level=DEBUG
2025-08-08 10:48:02,716 - PERF       WORKER:0:0      	 * language=openmp
2025-08-08 10:48:02,793 - PERF       WORKER:0:0      (ShotID 0) Preparing to run state for shot
2025-08-08 10:48:02,794 - PERF       WORKER:0:0      (ShotID 0) Selected boundary type sponge_boundary_2
2025-08-08 10:48:02,796 - PERF       WORKER:0:0      (ShotID 0) Estimated bandwidth for the propagated wavelet 0.253-0.732 MHz
2025-08-08 10:48:02,796 - PERF       WORKER:0:0      (ShotID 0) Spatial grid spacing (0.257 mm | 7.580 PPW) is below dispersion limit (0.389 mm | 5.000 PPW)
2025-08-08 10:48:02,796 - PERF       WORKER:0:0      (ShotID 0) Time grid spacing (0.080 μs | 79%) is above OT2 limit (0.045 μs) and below OT4 limit (0.082 μs)
2025-08-08 10:48:02,796 - PERF       WORKER:0:0      (ShotID 0) Selected undersampling level 4
2025-08-08 10:48:02,796 - PERF       WORKER:0:0      (ShotID 0) Selected time stepping scheme OT4
2025-08-08 10:48:02,841 - PERF       WORKER:0:0      Operator `acoustic_iso_state` instance configuration:
2025-08-08 10:48:02,841 - PERF       WORKER:0:0      	 * name=acoustic_iso_state
2025-08-08 10:48:02,841 - PERF       WORKER:0:0      	 * subs={h_x: np.float32(0.00025666665), h_y: np.float32(0.00025666668), dt: 8e-08}
2025-08-08 10:48:02,841 - PERF       WORKER:0:0      	 * opt=advanced
2025-08-08 10:48:02,841 - PERF       WORKER:0:0      	 * devicecreate=(p(t, x, y),)
2025-08-08 10:48:04,029 - PERF       WORKER:0:0      [1;37;32mOperator `acoustic_iso_state` generated in 1.19 s[0m
2025-08-08 10:48:04,029 - PERF       WORKER:0:0      [1;37;32m  * lowering.Clusters: 0.70 s (59.0 %)[0m
2025-08-08 10:48:04,029 - PERF       WORKER:0:0      [1;37;32m     * specializing.Clusters: 0.44 s (37.1 %)[0m
2025-08-08 10:48:04,029 - PERF       WORKER:0:0      [1;37;32m        * fuse: 0.32 s (27.0 %)[0m
2025-08-08 10:48:04,029 - PERF       WORKER:0:0      [1;37;32m  * lowering.IET: 0.28 s (23.6 %)[0m
2025-08-08 10:48:04,029 - PERF       WORKER:0:0      [1;37;32mFlops reduction after symbolic optimization: [393 --> 277][0m
